Arguments: 
  /usr/local/bin/node /usr/local/bin/yarn install

PATH: 
  /Users/stevestomp/anaconda3/bin:/usr/local/bin:/usr/bin:/bin:/usr/sbin:/sbin:/usr/local/go/bin:/Users/stevestomp/Projects/stomp/structoform/node_modules/.bin

Yarn version: 
  1.21.1

Node version: 
  10.16.1

Platform: 
  darwin x64

Trace: 
  Error: EACCES: permission denied, mkdir '/Users/stevestomp/Projects/stomp/structoform/node_modules/@nodelib/fs.scandir'

npm manifest: 
  {
      "name": "structoform",
      "version": "1.1.5",
      "description": "React form components",
      "main": "dist/index.js",
      "files": [
          "dist/*"
      ],
      "scripts": {
          "css": "node-sass --output-style compressed src/assets/styles/styles.scss -o dist/css",
          "autoprefixer": "postcss -u autoprefixer -r dist/css/*",
          "test": "echo \"Error: no test specified\" && exit 1",
          "prep": "babel ./src --out-dir ./dist -s inline && npm run css && npm run autoprefixer"
      },
      "repository": {
          "type": "git",
          "url": "git+https://github.com/srstomp/structoform.git"
      },
      "author": "Steve Stomp",
      "contributors": [
          "Robin de Bondt"
      ],
      "license": "MIT",
      "bugs": {
          "url": "https://github.com/srstomp/structoform/issues"
      },
      "homepage": "https://github.com/srstomp/structoform#readme",
      "peerDependencies": {
          "react": "^16.8.6"
      },
      "devDependencies": {
          "@babel/cli": "^7.8.4",
          "@babel/core": "^7.9.0",
          "@babel/preset-env": "^7.9.0",
          "@babel/preset-react": "^7.9.4",
          "autoprefixer": "^9.7.5",
          "node-sass": "^4.13.1",
          "postcss-cli": "^7.1.0"
      },
      "dependencies": {
          "lodash": "^4.17.15",
          "moment": "^2.24.0",
          "prop-types": "^15.7.2"
      },
      "browserslist": [
          ">0.2%",
          "not dead",
          "not ie <= 10",
          "not op_mini all"
      ]
  }

yarn manifest: 
  No manifest

Lockfile: 
  No lockfile
